<?xml version="1.0" encoding="UTF-8"?>
<testsuite xmlns:xsi="http://www.w3.org/2001/XMLSchema-instance" xsi:noNamespaceSchemaLocation="https://maven.apache.org/surefire/maven-surefire-plugin/xsd/surefire-test-report.xsd" name="com.junit.AppTest" time="0.08" tests="6" errors="2" skipped="0" failures="0">
  <properties>
[...]
</properties>
  <testcase name="computeCircleArea" classname="com.junit.AppTest" time="0.031"/>
  <testcase name="testDivide" classname="com.junit.AppTest" time="0.017">
    <error message="Unresolved compilation problem: &#10;	Lambda expressions are allowed only at source level 1.8 or above&#10;" type="java.lang.Error">java.lang.Error: 
Unresolved compilation problem: 
	Lambda expressions are allowed only at source level 1.8 or above

	at com.junit.AppTest.testDivide(AppTest.java:56)
</error>
  </testcase>
  <testcase name="testMultiply" classname="com.junit.AppTest" time="0.002">
    <error message="Unresolved compilation problems: &#10;	Lambda expressions are allowed only at source level 1.8 or above&#10;	Lambda expressions are allowed only at source level 1.8 or above&#10;	Lambda expressions are allowed only at source level 1.8 or above&#10;" type="java.lang.Error">java.lang.Error: 
Unresolved compilation problems: 
	Lambda expressions are allowed only at source level 1.8 or above
	Lambda expressions are allowed only at source level 1.8 or above
	Lambda expressions are allowed only at source level 1.8 or above

	at com.junit.AppTest.testMultiply(AppTest.java:42)
</error>
  </testcase>
  <testcase name="testAddingTwoPositives" classname="com.junit.AppTest$AddTest" time="0.001"/>
  <testcase name="testAddingTwoNegatives" classname="com.junit.AppTest$AddTest" time="0.001"/>
  <testcase name="testAddingAPositiveAndANegative" classname="com.junit.AppTest$AddTest" time="0"/>
</testsuite>